This file contains any messages produced by compilers while
running configure, to aid debugging if configure makes a mistake.

It was created by ftmd configure 0.1, which was
generated by GNU Autoconf 2.59.  Invocation command line was

  $ ./configure --prefix=/home/ssw/MuFTAD/FTMD_2/

## --------- ##
## Platform. ##
## --------- ##

hostname = localhost.localdomain
uname -m = i686
uname -r = 2.6.18-8.el5
uname -s = Linux
uname -v = #1 SMP Fri Jan 26 14:15:21 EST 2007

/usr/bin/uname -p = unknown
/bin/uname -X     = unknown

/bin/arch              = i686
/usr/bin/arch -k       = unknown
/usr/convex/getsysinfo = unknown
hostinfo               = unknown
/bin/machine           = unknown
/usr/bin/oslevel       = unknown
/bin/universe          = unknown

PATH: /opt/mv_pro_4.0/montavista/pro/devkit/arm/v5t_le/bin
PATH: /opt/mv_pro_4.0/montavista/pro/bin
PATH: /usr/lib/qt-3.3/bin
PATH: /usr/kerberos/bin
PATH: /usr/local/bin
PATH: /bin
PATH: /usr/bin
PATH: /home/ssw/bin
PATH: /usr/sbin
PATH: /sbin


## ----------- ##
## Core tests. ##
## ----------- ##

configure:1551: checking for a BSD-compatible install
configure:1606: result: /usr/bin/install -c
configure:1617: checking whether build environment is sane
configure:1660: result: yes
configure:1725: checking for gawk
configure:1741: found /bin/gawk
configure:1751: result: gawk
configure:1761: checking whether make sets $(MAKE)
configure:1781: result: yes
configure:2000: checking for gcc
configure:2016: found /usr/bin/gcc
configure:2026: result: gcc
configure:2270: checking for C compiler version
configure:2273: gcc --version </dev/null >&5
gcc (GCC) 4.1.1 20070105 (Red Hat 4.1.1-52)
Copyright (C) 2006 Free Software Foundation, Inc.
This is free software; see the source for copying conditions.  There is NO
warranty; not even for MERCHANTABILITY or FITNESS FOR A PARTICULAR PURPOSE.

configure:2276: $? = 0
configure:2278: gcc -v </dev/null >&5
Using built-in specs.
Target: i386-redhat-linux
Configured with: ../configure --prefix=/usr --mandir=/usr/share/man --infodir=/usr/share/info --enable-shared --enable-threads=posix --enable-checking=release --with-system-zlib --enable-__cxa_atexit --disable-libunwind-exceptions --enable-libgcj-multifile --enable-languages=c,c++,objc,obj-c++,java,fortran,ada --enable-java-awt=gtk --disable-dssi --enable-plugin --with-java-home=/usr/lib/jvm/java-1.4.2-gcj-1.4.2.0/jre --with-cpu=generic --host=i386-redhat-linux
Thread model: posix
gcc version 4.1.1 20070105 (Red Hat 4.1.1-52)
configure:2281: $? = 0
configure:2283: gcc -V </dev/null >&5
gcc: '-V' option must have argument
configure:2286: $? = 1
configure:2309: checking for C compiler default output file name
configure:2312: gcc    conftest.c  >&5
configure:2315: $? = 0
configure:2361: result: a.out
configure:2366: checking whether the C compiler works
configure:2372: ./a.out
configure:2375: $? = 0
configure:2392: result: yes
configure:2399: checking whether we are cross compiling
configure:2401: result: no
configure:2404: checking for suffix of executables
configure:2406: gcc -o conftest    conftest.c  >&5
configure:2409: $? = 0
configure:2434: result: 
configure:2440: checking for suffix of object files
configure:2461: gcc -c   conftest.c >&5
configure:2464: $? = 0
configure:2486: result: o
configure:2490: checking whether we are using the GNU C compiler
configure:2514: gcc -c   conftest.c >&5
configure:2520: $? = 0
configure:2524: test -z 
			 || test ! -s conftest.err
configure:2527: $? = 0
configure:2530: test -s conftest.o
configure:2533: $? = 0
configure:2546: result: yes
configure:2552: checking whether gcc accepts -g
configure:2573: gcc -c -g  conftest.c >&5
configure:2579: $? = 0
configure:2583: test -z 
			 || test ! -s conftest.err
configure:2586: $? = 0
configure:2589: test -s conftest.o
configure:2592: $? = 0
configure:2603: result: yes
configure:2620: checking for gcc option to accept ANSI C
configure:2690: gcc  -c -g -O2  conftest.c >&5
configure:2696: $? = 0
configure:2700: test -z 
			 || test ! -s conftest.err
configure:2703: $? = 0
configure:2706: test -s conftest.o
configure:2709: $? = 0
configure:2727: result: none needed
configure:2745: gcc -c -g -O2  conftest.c >&5
conftest.c:2: error: expected '=', ',', ';', 'asm' or '__attribute__' before 'me'
configure:2751: $? = 1
configure: failed program was:
| #ifndef __cplusplus
|   choke me
| #endif
configure:2895: checking for style of include used by make
configure:2923: result: GNU
configure:2951: checking dependency style of gcc
configure:3041: result: gcc3
configure:3058: checking whether ln -s works
configure:3062: result: yes
configure:3069: checking whether make sets $(MAKE)
configure:3089: result: yes
configure:3103: checking for main in -lMuCrcMd5
configure:3127: gcc -o conftest -g -O2   conftest.c -lMuCrcMd5   >&5
/usr/bin/ld: skipping incompatible /usr/lib/gcc/i386-redhat-linux/4.1.1/../../../libMuCrcMd5.so when searching for -lMuCrcMd5
/usr/bin/ld: skipping incompatible /usr/lib/libMuCrcMd5.so when searching for -lMuCrcMd5
/usr/bin/ld: cannot find -lMuCrcMd5
collect2: ld returned 1 exit status
configure:3133: $? = 1
configure: failed program was:
| /* confdefs.h.  */
| 
| #define PACKAGE_NAME "ftmd"
| #define PACKAGE_TARNAME "ftmd"
| #define PACKAGE_VERSION "0.1"
| #define PACKAGE_STRING "ftmd 0.1"
| #define PACKAGE_BUGREPORT "fzqing@gmail.com"
| #define PACKAGE "ftmd"
| #define VERSION "0.1"
| /* end confdefs.h.  */
| 
| 
| int
| main ()
| {
| main ();
|   ;
|   return 0;
| }
configure:3159: result: no
configure:3172: checking for main in -lMuHttpPlus
configure:3196: gcc -o conftest -g -O2   conftest.c -lMuHttpPlus   >&5
/usr/bin/ld: skipping incompatible /usr/lib/gcc/i386-redhat-linux/4.1.1/../../../libMuHttpPlus.so when searching for -lMuHttpPlus
/usr/bin/ld: skipping incompatible /usr/lib/libMuHttpPlus.so when searching for -lMuHttpPlus
/usr/bin/ld: cannot find -lMuHttpPlus
collect2: ld returned 1 exit status
configure:3202: $? = 1
configure: failed program was:
| /* confdefs.h.  */
| 
| #define PACKAGE_NAME "ftmd"
| #define PACKAGE_TARNAME "ftmd"
| #define PACKAGE_VERSION "0.1"
| #define PACKAGE_STRING "ftmd 0.1"
| #define PACKAGE_BUGREPORT "fzqing@gmail.com"
| #define PACKAGE "ftmd"
| #define VERSION "0.1"
| /* end confdefs.h.  */
| 
| 
| int
| main ()
| {
| main ();
|   ;
|   return 0;
| }
configure:3228: result: no
configure:3241: checking for main in -lMuStruct
configure:3265: gcc -o conftest -g -O2   conftest.c -lMuStruct   >&5
/usr/bin/ld: skipping incompatible /usr/lib/gcc/i386-redhat-linux/4.1.1/../../../libMuStruct.so when searching for -lMuStruct
/usr/bin/ld: skipping incompatible /usr/lib/libMuStruct.so when searching for -lMuStruct
/usr/bin/ld: cannot find -lMuStruct
collect2: ld returned 1 exit status
configure:3271: $? = 1
configure: failed program was:
| /* confdefs.h.  */
| 
| #define PACKAGE_NAME "ftmd"
| #define PACKAGE_TARNAME "ftmd"
| #define PACKAGE_VERSION "0.1"
| #define PACKAGE_STRING "ftmd 0.1"
| #define PACKAGE_BUGREPORT "fzqing@gmail.com"
| #define PACKAGE "ftmd"
| #define VERSION "0.1"
| /* end confdefs.h.  */
| 
| 
| int
| main ()
| {
| main ();
|   ;
|   return 0;
| }
configure:3297: result: no
configure:3310: checking for main in -lpthread
configure:3334: gcc -o conftest -g -O2   conftest.c -lpthread   >&5
configure:3340: $? = 0
configure:3344: test -z 
			 || test ! -s conftest.err
configure:3347: $? = 0
configure:3350: test -s conftest
configure:3353: $? = 0
configure:3366: result: yes
configure:3379: checking for main in -lssl
configure:3403: gcc -o conftest -g -O2   conftest.c -lssl  -lpthread  >&5
configure:3409: $? = 0
configure:3413: test -z 
			 || test ! -s conftest.err
configure:3416: $? = 0
configure:3419: test -s conftest
configure:3422: $? = 0
configure:3435: result: yes
configure:3453: checking how to run the C preprocessor
configure:3488: gcc -E  conftest.c
configure:3494: $? = 0
configure:3526: gcc -E  conftest.c
conftest.c:13:28: error: ac_nonexistent.h: No such file or directory
configure:3532: $? = 1
configure: failed program was:
| /* confdefs.h.  */
| 
| #define PACKAGE_NAME "ftmd"
| #define PACKAGE_TARNAME "ftmd"
| #define PACKAGE_VERSION "0.1"
| #define PACKAGE_STRING "ftmd 0.1"
| #define PACKAGE_BUGREPORT "fzqing@gmail.com"
| #define PACKAGE "ftmd"
| #define VERSION "0.1"
| #define HAVE_LIBPTHREAD 1
| #define HAVE_LIBSSL 1
| /* end confdefs.h.  */
| #include <ac_nonexistent.h>
configure:3571: result: gcc -E
configure:3595: gcc -E  conftest.c
configure:3601: $? = 0
configure:3633: gcc -E  conftest.c
conftest.c:13:28: error: ac_nonexistent.h: No such file or directory
configure:3639: $? = 1
configure: failed program was:
| /* confdefs.h.  */
| 
| #define PACKAGE_NAME "ftmd"
| #define PACKAGE_TARNAME "ftmd"
| #define PACKAGE_VERSION "0.1"
| #define PACKAGE_STRING "ftmd 0.1"
| #define PACKAGE_BUGREPORT "fzqing@gmail.com"
| #define PACKAGE "ftmd"
| #define VERSION "0.1"
| #define HAVE_LIBPTHREAD 1
| #define HAVE_LIBSSL 1
| /* end confdefs.h.  */
| #include <ac_nonexistent.h>
configure:3683: checking for egrep
configure:3693: result: grep -E
configure:3698: checking for ANSI C header files
configure:3723: gcc -c -g -O2  conftest.c >&5
configure:3729: $? = 0
configure:3733: test -z 
			 || test ! -s conftest.err
configure:3736: $? = 0
configure:3739: test -s conftest.o
configure:3742: $? = 0
configure:3831: gcc -o conftest -g -O2   conftest.c -lssl -lpthread  >&5
conftest.c: In function 'main':
conftest.c:30: warning: incompatible implicit declaration of built-in function 'exit'
configure:3834: $? = 0
configure:3836: ./conftest
configure:3839: $? = 0
configure:3854: result: yes
configure:3878: checking for sys/types.h
configure:3894: gcc -c -g -O2  conftest.c >&5
configure:3900: $? = 0
configure:3904: test -z 
			 || test ! -s conftest.err
configure:3907: $? = 0
configure:3910: test -s conftest.o
configure:3913: $? = 0
configure:3924: result: yes
configure:3878: checking for sys/stat.h
configure:3894: gcc -c -g -O2  conftest.c >&5
configure:3900: $? = 0
configure:3904: test -z 
			 || test ! -s conftest.err
configure:3907: $? = 0
configure:3910: test -s conftest.o
configure:3913: $? = 0
configure:3924: result: yes
configure:3878: checking for stdlib.h
configure:3894: gcc -c -g -O2  conftest.c >&5
configure:3900: $? = 0
configure:3904: test -z 
			 || test ! -s conftest.err
configure:3907: $? = 0
configure:3910: test -s conftest.o
configure:3913: $? = 0
configure:3924: result: yes
configure:3878: checking for string.h
configure:3894: gcc -c -g -O2  conftest.c >&5
configure:3900: $? = 0
configure:3904: test -z 
			 || test ! -s conftest.err
configure:3907: $? = 0
configure:3910: test -s conftest.o
configure:3913: $? = 0
configure:3924: result: yes
configure:3878: checking for memory.h
configure:3894: gcc -c -g -O2  conftest.c >&5
configure:3900: $? = 0
configure:3904: test -z 
			 || test ! -s conftest.err
configure:3907: $? = 0
configure:3910: test -s conftest.o
configure:3913: $? = 0
configure:3924: result: yes
configure:3878: checking for strings.h
configure:3894: gcc -c -g -O2  conftest.c >&5
configure:3900: $? = 0
configure:3904: test -z 
			 || test ! -s conftest.err
configure:3907: $? = 0
configure:3910: test -s conftest.o
configure:3913: $? = 0
configure:3924: result: yes
configure:3878: checking for inttypes.h
configure:3894: gcc -c -g -O2  conftest.c >&5
configure:3900: $? = 0
configure:3904: test -z 
			 || test ! -s conftest.err
configure:3907: $? = 0
configure:3910: test -s conftest.o
configure:3913: $? = 0
configure:3924: result: yes
configure:3878: checking for stdint.h
configure:3894: gcc -c -g -O2  conftest.c >&5
configure:3900: $? = 0
configure:3904: test -z 
			 || test ! -s conftest.err
configure:3907: $? = 0
configure:3910: test -s conftest.o
configure:3913: $? = 0
configure:3924: result: yes
configure:3878: checking for unistd.h
configure:3894: gcc -c -g -O2  conftest.c >&5
configure:3900: $? = 0
configure:3904: test -z 
			 || test ! -s conftest.err
configure:3907: $? = 0
configure:3910: test -s conftest.o
configure:3913: $? = 0
configure:3924: result: yes
configure:3960: checking arpa/inet.h usability
configure:3972: gcc -c -g -O2  conftest.c >&5
configure:3978: $? = 0
configure:3982: test -z 
			 || test ! -s conftest.err
configure:3985: $? = 0
configure:3988: test -s conftest.o
configure:3991: $? = 0
configure:4001: result: yes
configure:4005: checking arpa/inet.h presence
configure:4015: gcc -E  conftest.c
configure:4021: $? = 0
configure:4041: result: yes
configure:4076: checking for arpa/inet.h
configure:4083: result: yes
configure:3960: checking fcntl.h usability
configure:3972: gcc -c -g -O2  conftest.c >&5
configure:3978: $? = 0
configure:3982: test -z 
			 || test ! -s conftest.err
configure:3985: $? = 0
configure:3988: test -s conftest.o
configure:3991: $? = 0
configure:4001: result: yes
configure:4005: checking fcntl.h presence
configure:4015: gcc -E  conftest.c
configure:4021: $? = 0
configure:4041: result: yes
configure:4076: checking for fcntl.h
configure:4083: result: yes
configure:3960: checking netdb.h usability
configure:3972: gcc -c -g -O2  conftest.c >&5
configure:3978: $? = 0
configure:3982: test -z 
			 || test ! -s conftest.err
configure:3985: $? = 0
configure:3988: test -s conftest.o
configure:3991: $? = 0
configure:4001: result: yes
configure:4005: checking netdb.h presence
configure:4015: gcc -E  conftest.c
configure:4021: $? = 0
configure:4041: result: yes
configure:4076: checking for netdb.h
configure:4083: result: yes
configure:3960: checking netinet/in.h usability
configure:3972: gcc -c -g -O2  conftest.c >&5
configure:3978: $? = 0
configure:3982: test -z 
			 || test ! -s conftest.err
configure:3985: $? = 0
configure:3988: test -s conftest.o
configure:3991: $? = 0
configure:4001: result: yes
configure:4005: checking netinet/in.h presence
configure:4015: gcc -E  conftest.c
configure:4021: $? = 0
configure:4041: result: yes
configure:4076: checking for netinet/in.h
configure:4083: result: yes
configure:3951: checking for stdlib.h
configure:3956: result: yes
configure:3951: checking for string.h
configure:3956: result: yes
configure:3960: checking sys/socket.h usability
configure:3972: gcc -c -g -O2  conftest.c >&5
configure:3978: $? = 0
configure:3982: test -z 
			 || test ! -s conftest.err
configure:3985: $? = 0
configure:3988: test -s conftest.o
configure:3991: $? = 0
configure:4001: result: yes
configure:4005: checking sys/socket.h presence
configure:4015: gcc -E  conftest.c
configure:4021: $? = 0
configure:4041: result: yes
configure:4076: checking for sys/socket.h
configure:4083: result: yes
configure:3960: checking sys/statfs.h usability
configure:3972: gcc -c -g -O2  conftest.c >&5
configure:3978: $? = 0
configure:3982: test -z 
			 || test ! -s conftest.err
configure:3985: $? = 0
configure:3988: test -s conftest.o
configure:3991: $? = 0
configure:4001: result: yes
configure:4005: checking sys/statfs.h presence
configure:4015: gcc -E  conftest.c
configure:4021: $? = 0
configure:4041: result: yes
configure:4076: checking for sys/statfs.h
configure:4083: result: yes
configure:3960: checking sys/time.h usability
configure:3972: gcc -c -g -O2  conftest.c >&5
configure:3978: $? = 0
configure:3982: test -z 
			 || test ! -s conftest.err
configure:3985: $? = 0
configure:3988: test -s conftest.o
configure:3991: $? = 0
configure:4001: result: yes
configure:4005: checking sys/time.h presence
configure:4015: gcc -E  conftest.c
configure:4021: $? = 0
configure:4041: result: yes
configure:4076: checking for sys/time.h
configure:4083: result: yes
configure:3960: checking sys/vfs.h usability
configure:3972: gcc -c -g -O2  conftest.c >&5
configure:3978: $? = 0
configure:3982: test -z 
			 || test ! -s conftest.err
configure:3985: $? = 0
configure:3988: test -s conftest.o
configure:3991: $? = 0
configure:4001: result: yes
configure:4005: checking sys/vfs.h presence
configure:4015: gcc -E  conftest.c
configure:4021: $? = 0
configure:4041: result: yes
configure:4076: checking for sys/vfs.h
configure:4083: result: yes
configure:3951: checking for unistd.h
configure:3956: result: yes
configure:4098: checking for an ANSI C-conforming const
configure:4165: gcc -c -g -O2  conftest.c >&5
configure:4171: $? = 0
configure:4175: test -z 
			 || test ! -s conftest.err
configure:4178: $? = 0
configure:4181: test -s conftest.o
configure:4184: $? = 0
configure:4195: result: yes
configure:4205: checking for off_t
configure:4229: gcc -c -g -O2  conftest.c >&5
configure:4235: $? = 0
configure:4239: test -z 
			 || test ! -s conftest.err
configure:4242: $? = 0
configure:4245: test -s conftest.o
configure:4248: $? = 0
configure:4259: result: yes
configure:4271: checking for size_t
configure:4295: gcc -c -g -O2  conftest.c >&5
configure:4301: $? = 0
configure:4305: test -z 
			 || test ! -s conftest.err
configure:4308: $? = 0
configure:4311: test -s conftest.o
configure:4314: $? = 0
configure:4325: result: yes
configure:4337: checking whether time.h and sys/time.h may both be included
configure:4362: gcc -c -g -O2  conftest.c >&5
configure:4368: $? = 0
configure:4372: test -z 
			 || test ! -s conftest.err
configure:4375: $? = 0
configure:4378: test -s conftest.o
configure:4381: $? = 0
configure:4392: result: yes
configure:4402: checking for working volatile
configure:4425: gcc -c -g -O2  conftest.c >&5
configure:4431: $? = 0
configure:4435: test -z 
			 || test ! -s conftest.err
configure:4438: $? = 0
configure:4441: test -s conftest.o
configure:4444: $? = 0
configure:4455: result: yes
configure:4545: checking build system type
configure:4563: result: i686-pc-linux-gnu
configure:4571: checking host system type
configure:4585: result: i686-pc-linux-gnu
configure:4593: checking for a sed that does not truncate output
configure:4649: result: /bin/sed
configure:4663: checking for ld used by gcc
configure:4730: result: /usr/bin/ld
configure:4739: checking if the linker (/usr/bin/ld) is GNU ld
configure:4754: result: yes
configure:4759: checking for /usr/bin/ld option to reload object files
configure:4766: result: -r
configure:4784: checking for BSD-compatible nm
configure:4833: result: /usr/bin/nm -B
configure:4837: checking how to recognise dependent libraries
configure:5013: result: pass_all
configure:5258: checking dlfcn.h usability
configure:5270: gcc -c -g -O2  conftest.c >&5
configure:5276: $? = 0
configure:5280: test -z 
			 || test ! -s conftest.err
configure:5283: $? = 0
configure:5286: test -s conftest.o
configure:5289: $? = 0
configure:5299: result: yes
configure:5303: checking dlfcn.h presence
configure:5313: gcc -E  conftest.c
configure:5319: $? = 0
configure:5339: result: yes
configure:5374: checking for dlfcn.h
configure:5381: result: yes
configure:5446: checking for g++
configure:5462: found /usr/bin/g++
configure:5472: result: g++
configure:5488: checking for C++ compiler version
configure:5491: g++ --version </dev/null >&5
g++ (GCC) 4.1.1 20070105 (Red Hat 4.1.1-52)
Copyright (C) 2006 Free Software Foundation, Inc.
This is free software; see the source for copying conditions.  There is NO
warranty; not even for MERCHANTABILITY or FITNESS FOR A PARTICULAR PURPOSE.

configure:5494: $? = 0
configure:5496: g++ -v </dev/null >&5
Using built-in specs.
Target: i386-redhat-linux
Configured with: ../configure --prefix=/usr --mandir=/usr/share/man --infodir=/usr/share/info --enable-shared --enable-threads=posix --enable-checking=release --with-system-zlib --enable-__cxa_atexit --disable-libunwind-exceptions --enable-libgcj-multifile --enable-languages=c,c++,objc,obj-c++,java,fortran,ada --enable-java-awt=gtk --disable-dssi --enable-plugin --with-java-home=/usr/lib/jvm/java-1.4.2-gcj-1.4.2.0/jre --with-cpu=generic --host=i386-redhat-linux
Thread model: posix
gcc version 4.1.1 20070105 (Red Hat 4.1.1-52)
configure:5499: $? = 0
configure:5501: g++ -V </dev/null >&5
g++: '-V' option must have argument
configure:5504: $? = 1
configure:5507: checking whether we are using the GNU C++ compiler
configure:5531: g++ -c   conftest.cc >&5
configure:5537: $? = 0
configure:5541: test -z 
			 || test ! -s conftest.err
configure:5544: $? = 0
configure:5547: test -s conftest.o
configure:5550: $? = 0
configure:5563: result: yes
configure:5569: checking whether g++ accepts -g
configure:5590: g++ -c -g  conftest.cc >&5
configure:5596: $? = 0
configure:5600: test -z 
			 || test ! -s conftest.err
configure:5603: $? = 0
configure:5606: test -s conftest.o
configure:5609: $? = 0
configure:5620: result: yes
configure:5662: g++ -c -g -O2  conftest.cc >&5
configure:5668: $? = 0
configure:5672: test -z 
			 || test ! -s conftest.err
configure:5675: $? = 0
configure:5678: test -s conftest.o
configure:5681: $? = 0
configure:5707: g++ -c -g -O2  conftest.cc >&5
conftest.cc: In function 'int main()':
conftest.cc:40: error: 'exit' was not declared in this scope
configure:5713: $? = 1
configure: failed program was:
| /* confdefs.h.  */
| 
| #define PACKAGE_NAME "ftmd"
| #define PACKAGE_TARNAME "ftmd"
| #define PACKAGE_VERSION "0.1"
| #define PACKAGE_STRING "ftmd 0.1"
| #define PACKAGE_BUGREPORT "fzqing@gmail.com"
| #define PACKAGE "ftmd"
| #define VERSION "0.1"
| #define HAVE_LIBPTHREAD 1
| #define HAVE_LIBSSL 1
| #define STDC_HEADERS 1
| #define HAVE_SYS_TYPES_H 1
| #define HAVE_SYS_STAT_H 1
| #define HAVE_STDLIB_H 1
| #define HAVE_STRING_H 1
| #define HAVE_MEMORY_H 1
| #define HAVE_STRINGS_H 1
| #define HAVE_INTTYPES_H 1
| #define HAVE_STDINT_H 1
| #define HAVE_UNISTD_H 1
| #define HAVE_ARPA_INET_H 1
| #define HAVE_FCNTL_H 1
| #define HAVE_NETDB_H 1
| #define HAVE_NETINET_IN_H 1
| #define HAVE_STDLIB_H 1
| #define HAVE_STRING_H 1
| #define HAVE_SYS_SOCKET_H 1
| #define HAVE_SYS_STATFS_H 1
| #define HAVE_SYS_TIME_H 1
| #define HAVE_SYS_VFS_H 1
| #define HAVE_UNISTD_H 1
| #define TIME_WITH_SYS_TIME 1
| #define HAVE_DLFCN_H 1
| /* end confdefs.h.  */
| 
| int
| main ()
| {
| exit (42);
|   ;
|   return 0;
| }
configure:5662: g++ -c -g -O2  conftest.cc >&5
configure:5668: $? = 0
configure:5672: test -z 
			 || test ! -s conftest.err
configure:5675: $? = 0
configure:5678: test -s conftest.o
configure:5681: $? = 0
configure:5707: g++ -c -g -O2  conftest.cc >&5
configure:5713: $? = 0
configure:5717: test -z 
			 || test ! -s conftest.err
configure:5720: $? = 0
configure:5723: test -s conftest.o
configure:5726: $? = 0
configure:5751: checking dependency style of g++
configure:5841: result: gcc3
configure:5868: checking how to run the C++ preprocessor
configure:5899: g++ -E  conftest.cc
configure:5905: $? = 0
configure:5937: g++ -E  conftest.cc
conftest.cc:39:28: error: ac_nonexistent.h: No such file or directory
configure:5943: $? = 1
configure: failed program was:
| /* confdefs.h.  */
| 
| #define PACKAGE_NAME "ftmd"
| #define PACKAGE_TARNAME "ftmd"
| #define PACKAGE_VERSION "0.1"
| #define PACKAGE_STRING "ftmd 0.1"
| #define PACKAGE_BUGREPORT "fzqing@gmail.com"
| #define PACKAGE "ftmd"
| #define VERSION "0.1"
| #define HAVE_LIBPTHREAD 1
| #define HAVE_LIBSSL 1
| #define STDC_HEADERS 1
| #define HAVE_SYS_TYPES_H 1
| #define HAVE_SYS_STAT_H 1
| #define HAVE_STDLIB_H 1
| #define HAVE_STRING_H 1
| #define HAVE_MEMORY_H 1
| #define HAVE_STRINGS_H 1
| #define HAVE_INTTYPES_H 1
| #define HAVE_STDINT_H 1
| #define HAVE_UNISTD_H 1
| #define HAVE_ARPA_INET_H 1
| #define HAVE_FCNTL_H 1
| #define HAVE_NETDB_H 1
| #define HAVE_NETINET_IN_H 1
| #define HAVE_STDLIB_H 1
| #define HAVE_STRING_H 1
| #define HAVE_SYS_SOCKET_H 1
| #define HAVE_SYS_STATFS_H 1
| #define HAVE_SYS_TIME_H 1
| #define HAVE_SYS_VFS_H 1
| #define HAVE_UNISTD_H 1
| #define TIME_WITH_SYS_TIME 1
| #define HAVE_DLFCN_H 1
| #ifdef __cplusplus
| extern "C" void std::exit (int) throw (); using std::exit;
| #endif
| /* end confdefs.h.  */
| #include <ac_nonexistent.h>
configure:5982: result: g++ -E
configure:6006: g++ -E  conftest.cc
configure:6012: $? = 0
configure:6044: g++ -E  conftest.cc
conftest.cc:39:28: error: ac_nonexistent.h: No such file or directory
configure:6050: $? = 1
configure: failed program was:
| /* confdefs.h.  */
| 
| #define PACKAGE_NAME "ftmd"
| #define PACKAGE_TARNAME "ftmd"
| #define PACKAGE_VERSION "0.1"
| #define PACKAGE_STRING "ftmd 0.1"
| #define PACKAGE_BUGREPORT "fzqing@gmail.com"
| #define PACKAGE "ftmd"
| #define VERSION "0.1"
| #define HAVE_LIBPTHREAD 1
| #define HAVE_LIBSSL 1
| #define STDC_HEADERS 1
| #define HAVE_SYS_TYPES_H 1
| #define HAVE_SYS_STAT_H 1
| #define HAVE_STDLIB_H 1
| #define HAVE_STRING_H 1
| #define HAVE_MEMORY_H 1
| #define HAVE_STRINGS_H 1
| #define HAVE_INTTYPES_H 1
| #define HAVE_STDINT_H 1
| #define HAVE_UNISTD_H 1
| #define HAVE_ARPA_INET_H 1
| #define HAVE_FCNTL_H 1
| #define HAVE_NETDB_H 1
| #define HAVE_NETINET_IN_H 1
| #define HAVE_STDLIB_H 1
| #define HAVE_STRING_H 1
| #define HAVE_SYS_SOCKET_H 1
| #define HAVE_SYS_STATFS_H 1
| #define HAVE_SYS_TIME_H 1
| #define HAVE_SYS_VFS_H 1
| #define HAVE_UNISTD_H 1
| #define TIME_WITH_SYS_TIME 1
| #define HAVE_DLFCN_H 1
| #ifdef __cplusplus
| extern "C" void std::exit (int) throw (); using std::exit;
| #endif
| /* end confdefs.h.  */
| #include <ac_nonexistent.h>
configure:6147: checking for g77
configure:6163: found /usr/bin/g77
configure:6173: result: g77
configure:6188: checking for Fortran 77 compiler version
configure:6191: g77 --version </dev/null >&5
GNU Fortran (GCC) 3.4.6 20060404 (Red Hat 3.4.6-4)
Copyright (C) 2006 Free Software Foundation, Inc.

GNU Fortran comes with NO WARRANTY, to the extent permitted by law.
You may redistribute copies of GNU Fortran
under the terms of the GNU General Public License.
For more information about these matters, see the file named COPYING
or type the command `info -f g77 Copying'.
configure:6194: $? = 0
configure:6196: g77 -v </dev/null >&5
Reading specs from /usr/lib/gcc/i386-redhat-linux/3.4.6/specs
Configured with: ../configure --prefix=/usr --mandir=/usr/share/man --infodir=/usr/share/info --enable-shared --enable-threads=posix --disable-checking --with-system-zlib --enable-__cxa_atexit --disable-libunwind-exceptions --enable-languages=c,c++,f77 --disable-libgcj --host=i386-redhat-linux
Thread model: posix
gcc version 3.4.6 20060404 (Red Hat 3.4.6-4)
configure:6199: $? = 0
configure:6201: g77 -V </dev/null >&5
g77: `-V' option must have argument
configure:6204: $? = 1
configure:6212: checking whether we are using the GNU Fortran 77 compiler
configure:6226: g77 -c  conftest.F >&5
configure:6232: $? = 0
configure:6236: test -z 
			 || test ! -s conftest.err
configure:6239: $? = 0
configure:6242: test -s conftest.o
configure:6245: $? = 0
configure:6258: result: yes
configure:6264: checking whether g77 accepts -g
configure:6276: g77 -c -g conftest.f >&5
configure:6282: $? = 0
configure:6286: test -z 
			 || test ! -s conftest.err
configure:6289: $? = 0
configure:6292: test -s conftest.o
configure:6295: $? = 0
configure:6307: result: yes
configure:6337: checking the maximum length of command line arguments
configure:6446: result: 32768
configure:6457: checking command to parse /usr/bin/nm -B output from gcc object
configure:6562: gcc -c -g -O2  conftest.c >&5
configure:6565: $? = 0
configure:6569: /usr/bin/nm -B conftest.o \| sed -n -e 's/^.*[ 	]\([ABCDGIRSTW][ABCDGIRSTW]*\)[ 	][ 	]*\([_A-Za-z][_A-Za-z0-9]*\)$/\1 \2 \2/p' \> conftest.nm
configure:6572: $? = 0
configure:6624: gcc -o conftest -g -O2   conftest.c conftstm.o >&5
configure:6627: $? = 0
configure:6665: result: ok
configure:6669: checking for objdir
configure:6684: result: .libs
configure:6774: checking for ar
configure:6790: found /usr/bin/ar
configure:6801: result: ar
configure:6854: checking for ranlib
configure:6870: found /usr/bin/ranlib
configure:6881: result: ranlib
configure:6934: checking for strip
configure:6950: found /usr/bin/strip
configure:6961: result: strip
configure:7233: checking if gcc supports -fno-rtti -fno-exceptions
configure:7251: gcc -c -g -O2  -fno-rtti -fno-exceptions conftest.c >&5
cc1: warning: command line option "-fno-rtti" is valid for C++/ObjC++ but not for C
configure:7255: $? = 0
configure:7268: result: no
configure:7283: checking for gcc option to produce PIC
configure:7493: result: -fPIC
configure:7501: checking if gcc PIC flag -fPIC works
configure:7519: gcc -c -g -O2  -fPIC -DPIC conftest.c >&5
configure:7523: $? = 0
configure:7536: result: yes
configure:7564: checking if gcc static flag -static works
configure:7592: result: yes
configure:7602: checking if gcc supports -c -o file.o
configure:7623: gcc -c -g -O2  -o out/conftest2.o conftest.c >&5
configure:7627: $? = 0
configure:7649: result: yes
configure:7675: checking whether the gcc linker (/usr/bin/ld) supports shared libraries
configure:8633: result: yes
configure:8654: checking whether -lc should be explicitly linked in
configure:8659: gcc -c -g -O2  conftest.c >&5
configure:8662: $? = 0
configure:8677: gcc -shared conftest.o  -v -Wl,-soname -Wl,conftest -o conftest 2\>\&1 \| grep  -lc  \>/dev/null 2\>\&1
configure:8680: $? = 0
configure:8692: result: no
configure:8700: checking dynamic linker characteristics
configure:9309: result: GNU/Linux ld.so
configure:9318: checking how to hardcode library paths into programs
configure:9343: result: immediate
configure:9357: checking whether stripping libraries is possible
configure:9362: result: yes
configure:10196: checking if libtool supports shared libraries
configure:10198: result: yes
configure:10201: checking whether to build shared libraries
configure:10222: result: yes
configure:10225: checking whether to build static libraries
configure:10229: result: yes
configure:10321: creating libtool
configure:10912: checking for ld used by g++
configure:10979: result: /usr/bin/ld
configure:10988: checking if the linker (/usr/bin/ld) is GNU ld
configure:11003: result: yes
configure:11054: checking whether the g++ linker (/usr/bin/ld) supports shared libraries
configure:11992: result: yes
configure:12010: g++ -c -g -O2  conftest.cpp >&5
configure:12013: $? = 0
configure:12132: checking for g++ option to produce PIC
configure:12406: result: -fPIC
configure:12414: checking if g++ PIC flag -fPIC works
configure:12432: g++ -c -g -O2  -fPIC -DPIC conftest.cpp >&5
configure:12436: $? = 0
configure:12449: result: yes
configure:12477: checking if g++ static flag -static works
configure:12505: result: yes
configure:12515: checking if g++ supports -c -o file.o
configure:12536: g++ -c -g -O2  -o out/conftest2.o conftest.cpp >&5
configure:12540: $? = 0
configure:12562: result: yes
configure:12588: checking whether the g++ linker (/usr/bin/ld) supports shared libraries
configure:12613: result: yes
configure:12680: checking dynamic linker characteristics
configure:13289: result: GNU/Linux ld.so
configure:13298: checking how to hardcode library paths into programs
configure:13323: result: immediate
configure:13852: checking if libtool supports shared libraries
configure:13854: result: yes
configure:13857: checking whether to build shared libraries
configure:13877: result: yes
configure:13880: checking whether to build static libraries
configure:13884: result: yes
configure:13894: checking for g77 option to produce PIC
configure:14104: result: -fPIC
configure:14112: checking if g77 PIC flag -fPIC works
configure:14130: g77 -c -g -O2 -fPIC conftest.f >&5
configure:14134: $? = 0
configure:14147: result: yes
configure:14175: checking if g77 static flag -static works
configure:14203: result: yes
configure:14213: checking if g77 supports -c -o file.o
configure:14234: g77 -c -g -O2 -o out/conftest2.o conftest.f >&5
configure:14238: $? = 0
configure:14260: result: yes
configure:14286: checking whether the g77 linker (/usr/bin/ld) supports shared libraries
configure:15224: result: yes
configure:15291: checking dynamic linker characteristics
configure:15900: result: GNU/Linux ld.so
configure:15909: checking how to hardcode library paths into programs
configure:15934: result: immediate
configure:19533: checking for stdlib.h
configure:19538: result: yes
configure:19678: checking for GNU libc compatible malloc
configure:19707: gcc -o conftest -g -O2   conftest.c -lssl -lpthread  >&5
configure:19710: $? = 0
configure:19712: ./conftest
configure:19715: $? = 0
configure:19729: result: yes
configure:19764: checking for stdlib.h
configure:19769: result: yes
configure:19909: checking for GNU libc compatible realloc
configure:19938: gcc -o conftest -g -O2   conftest.c -lssl -lpthread  >&5
configure:19941: $? = 0
configure:19943: ./conftest
configure:19946: $? = 0
configure:19960: result: yes
configure:20005: checking sys/select.h usability
configure:20017: gcc -c -g -O2  conftest.c >&5
configure:20023: $? = 0
configure:20027: test -z 
			 || test ! -s conftest.err
configure:20030: $? = 0
configure:20033: test -s conftest.o
configure:20036: $? = 0
configure:20046: result: yes
configure:20050: checking sys/select.h presence
configure:20060: gcc -E  conftest.c
configure:20066: $? = 0
configure:20086: result: yes
configure:20121: checking for sys/select.h
configure:20128: result: yes
configure:19996: checking for sys/socket.h
configure:20001: result: yes
configure:20141: checking types of arguments for select
configure:20174: gcc -c -g -O2  conftest.c >&5
configure:20180: $? = 0
configure:20184: test -z 
			 || test ! -s conftest.err
configure:20187: $? = 0
configure:20190: test -s conftest.o
configure:20193: $? = 0
configure:20209: result: int,fd_set *,struct timeval *
configure:20247: checking for bzero
configure:20304: gcc -o conftest -g -O2   conftest.c -lssl -lpthread  >&5
conftest.c:72: warning: conflicting types for built-in function 'bzero'
configure:20310: $? = 0
configure:20314: test -z 
			 || test ! -s conftest.err
configure:20317: $? = 0
configure:20320: test -s conftest
configure:20323: $? = 0
configure:20335: result: yes
configure:20247: checking for ftruncate
configure:20304: gcc -o conftest -g -O2   conftest.c -lssl -lpthread  >&5
configure:20310: $? = 0
configure:20314: test -z 
			 || test ! -s conftest.err
configure:20317: $? = 0
configure:20320: test -s conftest
configure:20323: $? = 0
configure:20335: result: yes
configure:20247: checking for gethostbyname
configure:20304: gcc -o conftest -g -O2   conftest.c -lssl -lpthread  >&5
configure:20310: $? = 0
configure:20314: test -z 
			 || test ! -s conftest.err
configure:20317: $? = 0
configure:20320: test -s conftest
configure:20323: $? = 0
configure:20335: result: yes
configure:20247: checking for gettimeofday
configure:20304: gcc -o conftest -g -O2   conftest.c -lssl -lpthread  >&5
configure:20310: $? = 0
configure:20314: test -z 
			 || test ! -s conftest.err
configure:20317: $? = 0
configure:20320: test -s conftest
configure:20323: $? = 0
configure:20335: result: yes
configure:20247: checking for inet_ntoa
configure:20304: gcc -o conftest -g -O2   conftest.c -lssl -lpthread  >&5
configure:20310: $? = 0
configure:20314: test -z 
			 || test ! -s conftest.err
configure:20317: $? = 0
configure:20320: test -s conftest
configure:20323: $? = 0
configure:20335: result: yes
configure:20247: checking for memset
configure:20304: gcc -o conftest -g -O2   conftest.c -lssl -lpthread  >&5
conftest.c:77: warning: conflicting types for built-in function 'memset'
configure:20310: $? = 0
configure:20314: test -z 
			 || test ! -s conftest.err
configure:20317: $? = 0
configure:20320: test -s conftest
configure:20323: $? = 0
configure:20335: result: yes
configure:20247: checking for select
configure:20304: gcc -o conftest -g -O2   conftest.c -lssl -lpthread  >&5
configure:20310: $? = 0
configure:20314: test -z 
			 || test ! -s conftest.err
configure:20317: $? = 0
configure:20320: test -s conftest
configure:20323: $? = 0
configure:20335: result: yes
configure:20247: checking for socket
configure:20304: gcc -o conftest -g -O2   conftest.c -lssl -lpthread  >&5
configure:20310: $? = 0
configure:20314: test -z 
			 || test ! -s conftest.err
configure:20317: $? = 0
configure:20320: test -s conftest
configure:20323: $? = 0
configure:20335: result: yes
configure:20247: checking for strchr
configure:20304: gcc -o conftest -g -O2   conftest.c -lssl -lpthread  >&5
conftest.c:80: warning: conflicting types for built-in function 'strchr'
configure:20310: $? = 0
configure:20314: test -z 
			 || test ! -s conftest.err
configure:20317: $? = 0
configure:20320: test -s conftest
configure:20323: $? = 0
configure:20335: result: yes
configure:20247: checking for strncasecmp
configure:20304: gcc -o conftest -g -O2   conftest.c -lssl -lpthread  >&5
conftest.c:81: warning: conflicting types for built-in function 'strncasecmp'
configure:20310: $? = 0
configure:20314: test -z 
			 || test ! -s conftest.err
configure:20317: $? = 0
configure:20320: test -s conftest
configure:20323: $? = 0
configure:20335: result: yes
configure:20247: checking for strrchr
configure:20304: gcc -o conftest -g -O2   conftest.c -lssl -lpthread  >&5
conftest.c:82: warning: conflicting types for built-in function 'strrchr'
configure:20310: $? = 0
configure:20314: test -z 
			 || test ! -s conftest.err
configure:20317: $? = 0
configure:20320: test -s conftest
configure:20323: $? = 0
configure:20335: result: yes
configure:20247: checking for strstr
configure:20304: gcc -o conftest -g -O2   conftest.c -lssl -lpthread  >&5
conftest.c:83: warning: conflicting types for built-in function 'strstr'
configure:20310: $? = 0
configure:20314: test -z 
			 || test ! -s conftest.err
configure:20317: $? = 0
configure:20320: test -s conftest
configure:20323: $? = 0
configure:20335: result: yes
configure:20464: creating ./config.status

## ---------------------- ##
## Running config.status. ##
## ---------------------- ##

This file was extended by ftmd config.status 0.1, which was
generated by GNU Autoconf 2.59.  Invocation command line was

  CONFIG_FILES    = 
  CONFIG_HEADERS  = 
  CONFIG_LINKS    = 
  CONFIG_COMMANDS = 
  $ ./config.status 

on localhost.localdomain

config.status:718: creating Makefile
config.status:718: creating main/Makefile
config.status:718: creating network/Makefile
config.status:718: creating parsexml/Makefile
config.status:822: creating config.h
config.status:1018: config.h is unchanged
config.status:1198: executing depfiles commands

## ---------------- ##
## Cache variables. ##
## ---------------- ##

ac_cv_build=i686-pc-linux-gnu
ac_cv_build_alias=i686-pc-linux-gnu
ac_cv_c_compiler_gnu=yes
ac_cv_c_const=yes
ac_cv_c_volatile=yes
ac_cv_cxx_compiler_gnu=yes
ac_cv_env_CC_set=
ac_cv_env_CC_value=
ac_cv_env_CFLAGS_set=
ac_cv_env_CFLAGS_value=
ac_cv_env_CPPFLAGS_set=
ac_cv_env_CPPFLAGS_value=
ac_cv_env_CPP_set=
ac_cv_env_CPP_value=
ac_cv_env_CXXCPP_set=
ac_cv_env_CXXCPP_value=
ac_cv_env_CXXFLAGS_set=
ac_cv_env_CXXFLAGS_value=
ac_cv_env_CXX_set=
ac_cv_env_CXX_value=
ac_cv_env_F77_set=
ac_cv_env_F77_value=
ac_cv_env_FFLAGS_set=
ac_cv_env_FFLAGS_value=
ac_cv_env_LDFLAGS_set=
ac_cv_env_LDFLAGS_value=
ac_cv_env_build_alias_set=
ac_cv_env_build_alias_value=
ac_cv_env_host_alias_set=
ac_cv_env_host_alias_value=
ac_cv_env_target_alias_set=
ac_cv_env_target_alias_value=
ac_cv_exeext=
ac_cv_f77_compiler_gnu=yes
ac_cv_func_bzero=yes
ac_cv_func_ftruncate=yes
ac_cv_func_gethostbyname=yes
ac_cv_func_gettimeofday=yes
ac_cv_func_inet_ntoa=yes
ac_cv_func_malloc_0_nonnull=yes
ac_cv_func_memset=yes
ac_cv_func_realloc_0_nonnull=yes
ac_cv_func_select=yes
ac_cv_func_select_args='int,fd_set *,struct timeval *'
ac_cv_func_socket=yes
ac_cv_func_strchr=yes
ac_cv_func_strncasecmp=yes
ac_cv_func_strrchr=yes
ac_cv_func_strstr=yes
ac_cv_header_arpa_inet_h=yes
ac_cv_header_dlfcn_h=yes
ac_cv_header_fcntl_h=yes
ac_cv_header_inttypes_h=yes
ac_cv_header_memory_h=yes
ac_cv_header_netdb_h=yes
ac_cv_header_netinet_in_h=yes
ac_cv_header_stdc=yes
ac_cv_header_stdint_h=yes
ac_cv_header_stdlib_h=yes
ac_cv_header_string_h=yes
ac_cv_header_strings_h=yes
ac_cv_header_sys_select_h=yes
ac_cv_header_sys_socket_h=yes
ac_cv_header_sys_stat_h=yes
ac_cv_header_sys_statfs_h=yes
ac_cv_header_sys_time_h=yes
ac_cv_header_sys_types_h=yes
ac_cv_header_sys_vfs_h=yes
ac_cv_header_time=yes
ac_cv_header_unistd_h=yes
ac_cv_host=i686-pc-linux-gnu
ac_cv_host_alias=i686-pc-linux-gnu
ac_cv_lib_MuCrcMd5_main=no
ac_cv_lib_MuHttpPlus_main=no
ac_cv_lib_MuStruct_main=no
ac_cv_lib_pthread_main=yes
ac_cv_lib_ssl_main=yes
ac_cv_objext=o
ac_cv_path_install='/usr/bin/install -c'
ac_cv_prog_AWK=gawk
ac_cv_prog_CPP='gcc -E'
ac_cv_prog_CXXCPP='g++ -E'
ac_cv_prog_ac_ct_AR=ar
ac_cv_prog_ac_ct_CC=gcc
ac_cv_prog_ac_ct_CXX=g++
ac_cv_prog_ac_ct_F77=g77
ac_cv_prog_ac_ct_RANLIB=ranlib
ac_cv_prog_ac_ct_STRIP=strip
ac_cv_prog_cc_g=yes
ac_cv_prog_cc_stdc=
ac_cv_prog_cxx_g=yes
ac_cv_prog_egrep='grep -E'
ac_cv_prog_f77_g=yes
ac_cv_prog_make_make_set=yes
ac_cv_type_off_t=yes
ac_cv_type_size_t=yes
am_cv_CC_dependencies_compiler_type=gcc3
am_cv_CXX_dependencies_compiler_type=gcc3
lt_cv_deplibs_check_method=pass_all
lt_cv_file_magic_cmd='$MAGIC_CMD'
lt_cv_file_magic_test_file=
lt_cv_ld_reload_flag=-r
lt_cv_objdir=.libs
lt_cv_path_LD=/usr/bin/ld
lt_cv_path_LDCXX=/usr/bin/ld
lt_cv_path_NM='/usr/bin/nm -B'
lt_cv_path_SED=/bin/sed
lt_cv_prog_compiler_c_o=yes
lt_cv_prog_compiler_c_o_CXX=yes
lt_cv_prog_compiler_c_o_F77=yes
lt_cv_prog_compiler_rtti_exceptions=no
lt_cv_prog_gnu_ld=yes
lt_cv_prog_gnu_ldcxx=yes
lt_cv_sys_global_symbol_pipe='sed -n -e '\''s/^.*[ 	]\([ABCDGIRSTW][ABCDGIRSTW]*\)[ 	][ 	]*\([_A-Za-z][_A-Za-z0-9]*\)$/\1 \2 \2/p'\'''
lt_cv_sys_global_symbol_to_c_name_address='sed -n -e '\''s/^: \([^ ]*\) $/  {\"\1\", (lt_ptr) 0},/p'\'' -e '\''s/^[BCDEGRST] \([^ ]*\) \([^ ]*\)$/  {"\2", (lt_ptr) \&\2},/p'\'''
lt_cv_sys_global_symbol_to_cdecl='sed -n -e '\''s/^. .* \(.*\)$/extern int \1;/p'\'''
lt_cv_sys_max_cmd_len=32768
lt_lt_cv_prog_compiler_c_o='"yes"'
lt_lt_cv_prog_compiler_c_o_CXX='"yes"'
lt_lt_cv_prog_compiler_c_o_F77='"yes"'
lt_lt_cv_sys_global_symbol_pipe='"sed -n -e '\''s/^.*[ 	]\\([ABCDGIRSTW][ABCDGIRSTW]*\\)[ 	][ 	]*\\([_A-Za-z][_A-Za-z0-9]*\\)\$/\\1 \\2 \\2/p'\''"'
lt_lt_cv_sys_global_symbol_to_c_name_address='"sed -n -e '\''s/^: \\([^ ]*\\) \$/  {\\\"\\1\\\", (lt_ptr) 0},/p'\'' -e '\''s/^[BCDEGRST] \\([^ ]*\\) \\([^ ]*\\)\$/  {\"\\2\", (lt_ptr) \\&\\2},/p'\''"'
lt_lt_cv_sys_global_symbol_to_cdecl='"sed -n -e '\''s/^. .* \\(.*\\)\$/extern int \\1;/p'\''"'

## ----------------- ##
## Output variables. ##
## ----------------- ##

ACLOCAL='${SHELL} /home/ssw/MuFTAD/FTMD_2/src/missing --run aclocal-1.9'
AMDEPBACKSLASH='\'
AMDEP_FALSE='#'
AMDEP_TRUE=''
AMTAR='${SHELL} /home/ssw/MuFTAD/FTMD_2/src/missing --run tar'
AR='ar'
AUTOCONF='${SHELL} /home/ssw/MuFTAD/FTMD_2/src/missing --run autoconf'
AUTOHEADER='${SHELL} /home/ssw/MuFTAD/FTMD_2/src/missing --run autoheader'
AUTOMAKE='${SHELL} /home/ssw/MuFTAD/FTMD_2/src/missing --run automake-1.9'
AWK='gawk'
CC='gcc'
CCDEPMODE='depmode=gcc3'
CFLAGS='-g -O2'
CPP='gcc -E'
CPPFLAGS=''
CXX='g++'
CXXCPP='g++ -E'
CXXDEPMODE='depmode=gcc3'
CXXFLAGS='-g -O2'
CYGPATH_W='echo'
DEFS='-DHAVE_CONFIG_H'
DEPDIR='.deps'
ECHO='echo'
ECHO_C=''
ECHO_N='-n'
ECHO_T=''
EGREP='grep -E'
EXEEXT=''
F77='g77'
FFLAGS='-g -O2'
INSTALL_DATA='${INSTALL} -m 644'
INSTALL_PROGRAM='${INSTALL}'
INSTALL_SCRIPT='${INSTALL}'
INSTALL_STRIP_PROGRAM='${SHELL} $(install_sh) -c -s'
LDFLAGS=''
LIBOBJS=''
LIBS='-lssl -lpthread '
LIBTOOL='$(SHELL) $(top_builddir)/libtool'
LN_S='ln -s'
LTLIBOBJS=''
MAKEINFO='${SHELL} /home/ssw/MuFTAD/FTMD_2/src/missing --run makeinfo'
OBJEXT='o'
PACKAGE='ftmd'
PACKAGE_BUGREPORT='fzqing@gmail.com'
PACKAGE_NAME='ftmd'
PACKAGE_STRING='ftmd 0.1'
PACKAGE_TARNAME='ftmd'
PACKAGE_VERSION='0.1'
PATH_SEPARATOR=':'
RANLIB='ranlib'
SED='/bin/sed'
SET_MAKE=''
SHELL='/bin/sh'
STRIP='strip'
VERSION='0.1'
ac_ct_AR='ar'
ac_ct_CC='gcc'
ac_ct_CXX='g++'
ac_ct_F77='g77'
ac_ct_RANLIB='ranlib'
ac_ct_STRIP='strip'
am__fastdepCC_FALSE='#'
am__fastdepCC_TRUE=''
am__fastdepCXX_FALSE='#'
am__fastdepCXX_TRUE=''
am__include='include'
am__leading_dot='.'
am__quote=''
am__tar='${AMTAR} chof - "$$tardir"'
am__untar='${AMTAR} xf -'
bindir='${exec_prefix}/bin'
build='i686-pc-linux-gnu'
build_alias=''
build_cpu='i686'
build_os='linux-gnu'
build_vendor='pc'
datadir='${prefix}/share'
exec_prefix='${prefix}'
host='i686-pc-linux-gnu'
host_alias=''
host_cpu='i686'
host_os='linux-gnu'
host_vendor='pc'
includedir='${prefix}/include'
infodir='${prefix}/info'
install_sh='/home/ssw/MuFTAD/FTMD_2/src/install-sh'
libdir='${exec_prefix}/lib'
libexecdir='${exec_prefix}/libexec'
localstatedir='${prefix}/var'
mandir='${prefix}/man'
mkdir_p='mkdir -p --'
oldincludedir='/usr/include'
prefix='/home/ssw/MuFTAD/FTMD_2/'
program_transform_name='s,x,x,'
sbindir='${exec_prefix}/sbin'
sharedstatedir='${prefix}/com'
sysconfdir='${prefix}/etc'
target_alias=''

## ----------- ##
## confdefs.h. ##
## ----------- ##

#define HAVE_ARPA_INET_H 1
#define HAVE_BZERO 1
#define HAVE_DLFCN_H 1
#define HAVE_FCNTL_H 1
#define HAVE_FTRUNCATE 1
#define HAVE_GETHOSTBYNAME 1
#define HAVE_GETTIMEOFDAY 1
#define HAVE_INET_NTOA 1
#define HAVE_INTTYPES_H 1
#define HAVE_LIBPTHREAD 1
#define HAVE_LIBSSL 1
#define HAVE_MALLOC 1
#define HAVE_MEMORY_H 1
#define HAVE_MEMSET 1
#define HAVE_NETDB_H 1
#define HAVE_NETINET_IN_H 1
#define HAVE_REALLOC 1
#define HAVE_SELECT 1
#define HAVE_SOCKET 1
#define HAVE_STDINT_H 1
#define HAVE_STDLIB_H 1
#define HAVE_STDLIB_H 1
#define HAVE_STDLIB_H 1
#define HAVE_STDLIB_H 1
#define HAVE_STRCHR 1
#define HAVE_STRINGS_H 1
#define HAVE_STRING_H 1
#define HAVE_STRING_H 1
#define HAVE_STRNCASECMP 1
#define HAVE_STRRCHR 1
#define HAVE_STRSTR 1
#define HAVE_SYS_SELECT_H 1
#define HAVE_SYS_SOCKET_H 1
#define HAVE_SYS_SOCKET_H 1
#define HAVE_SYS_STATFS_H 1
#define HAVE_SYS_STAT_H 1
#define HAVE_SYS_TIME_H 1
#define HAVE_SYS_TYPES_H 1
#define HAVE_SYS_VFS_H 1
#define HAVE_UNISTD_H 1
#define HAVE_UNISTD_H 1
#define PACKAGE "ftmd"
#define PACKAGE_BUGREPORT "fzqing@gmail.com"
#define PACKAGE_NAME "ftmd"
#define PACKAGE_STRING "ftmd 0.1"
#define PACKAGE_TARNAME "ftmd"
#define PACKAGE_VERSION "0.1"
#define SELECT_TYPE_ARG1 int
#define SELECT_TYPE_ARG234 (fd_set *)
#define SELECT_TYPE_ARG5 (struct timeval *)
#define STDC_HEADERS 1
#define TIME_WITH_SYS_TIME 1
#define VERSION "0.1"
#endif
#ifdef __cplusplus
extern "C" void std::exit (int) throw (); using std::exit;

configure: exit 0

## ---------------------- ##
## Running config.status. ##
## ---------------------- ##

This file was extended by ftmd config.status 0.1, which was
generated by GNU Autoconf 2.59.  Invocation command line was

  CONFIG_FILES    = 
  CONFIG_HEADERS  = 
  CONFIG_LINKS    = 
  CONFIG_COMMANDS = 
  $ ./config.status config.h

on localhost.localdomain

config.status:822: creating config.h
config.status:1018: config.h is unchanged

## ---------------------- ##
## Running config.status. ##
## ---------------------- ##

This file was extended by ftmd config.status 0.1, which was
generated by GNU Autoconf 2.59.  Invocation command line was

  CONFIG_FILES    = 
  CONFIG_HEADERS  = 
  CONFIG_LINKS    = 
  CONFIG_COMMANDS = 
  $ ./config.status Makefile

on localhost.localdomain

config.status:718: creating Makefile

## ---------------------- ##
## Running config.status. ##
## ---------------------- ##

This file was extended by ftmd config.status 0.1, which was
generated by GNU Autoconf 2.59.  Invocation command line was

  CONFIG_FILES    = 
  CONFIG_HEADERS  = 
  CONFIG_LINKS    = 
  CONFIG_COMMANDS = 
  $ ./config.status main/Makefile depfiles

on localhost.localdomain

config.status:718: creating main/Makefile
config.status:1198: executing depfiles commands
